<?xml version="1.0" encoding="UTF-8" ?>
<testsuite errors="0" failures="0" hostname="Bloodin" name="jUnitTests.CommandFactoryTest" tests="9" time="0.015" timestamp="2014-02-25T13:11:19">
  <properties>
    <property name="java.vendor" value="Oracle Corporation" />
    <property name="client.name" value="Client.MainClient" />
    <property name="sun.java.launcher" value="SUN_STANDARD" />
    <property name="sun.management.compiler" value="HotSpot 64-Bit Tiered Compilers" />
    <property name="server.name" value="server.ServerStart" />
    <property name="os.name" value="Windows 7" />
    <property name="sun.boot.class.path" value="C:\Program Files\Java\jdk1.7.0_11\jre\lib\resources.jar;C:\Program Files\Java\jdk1.7.0_11\jre\lib\rt.jar;C:\Program Files\Java\jdk1.7.0_11\jre\lib\sunrsasign.jar;C:\Program Files\Java\jdk1.7.0_11\jre\lib\jsse.jar;C:\Program Files\Java\jdk1.7.0_11\jre\lib\jce.jar;C:\Program Files\Java\jdk1.7.0_11\jre\lib\charsets.jar;C:\Program Files\Java\jdk1.7.0_11\jre\lib\jfr.jar;C:\Program Files\Java\jdk1.7.0_11\jre\classes" />
    <property name="sun.desktop" value="windows" />
    <property name="java.vm.specification.vendor" value="Oracle Corporation" />
    <property name="ant.home" value="C:\MeineProgramme\Programmieren\WinAnt" />
    <property name="java.runtime.version" value="1.7.0_11-b21" />
    <property name="user.name" value="Bloodin_" />
    <property name="mgmtclient.name" value="management.ManagmentClient" />
    <property name="client1.port" value="10001" />
    <property name="build.dir" value="build" />
    <property name="user.language" value="de" />
    <property name="sun.boot.library.path" value="C:\Program Files\Java\jdk1.7.0_11\jre\bin" />
    <property name="reports.dir" value="reports" />
    <property name="ant.project.default-target" value="compile" />
    <property name="ant.project.name" value="auction" />
    <property name="java.version" value="1.7.0_11" />
    <property name="user.timezone" value="" />
    <property name="sun.arch.data.model" value="64" />
    <property name="java.endorsed.dirs" value="C:\Program Files\Java\jdk1.7.0_11\jre\lib\endorsed" />
    <property name="ant.file.type.auction" value="file" />
    <property name="sun.cpu.isalist" value="amd64" />
    <property name="sun.jnu.encoding" value="Cp1252" />
    <property name="file.encoding.pkg" value="sun.io" />
    <property name="file.separator" value="\" />
    <property name="java.specification.name" value="Java Platform API Specification" />
    <property name="client2.port" value="10002" />
    <property name="java.class.version" value="51.0" />
    <property name="user.country" value="AT" />
    <property name="java.home" value="C:\Program Files\Java\jdk1.7.0_11\jre" />
    <property name="server.host" value="localhost" />
    <property name="java.vm.info" value="mixed mode" />
    <property name="ant.file" value="C:\GIT\5AHIT\rmiAuction\build.xml" />
    <property name="os.version" value="6.1" />
    <property name="path.separator" value=";" />
    <property name="java.vm.version" value="23.6-b04" />
    <property name="user.variant" value="" />
    <property name="ant.library.dir" value="C:\MeineProgramme\Programmieren\WinAnt\lib" />
    <property name="java.awt.printerjob" value="sun.awt.windows.WPrinterJob" />
    <property name="client3.port" value="10003" />
    <property name="sun.io.unicode.encoding" value="UnicodeLittle" />
    <property name="awt.toolkit" value="sun.awt.windows.WToolkit" />
    <property name="user.script" value="" />
    <property name="analytics.bindingName" value="USELESS" />
    <property name="user.home" value="C:\Users\Bloodin_" />
    <property name="java.specification.vendor" value="Oracle Corporation" />
    <property name="java.library.path" value="C:\Program Files\Java\jdk1.7.0_11\bin;C:\Windows\Sun\Java\bin;C:\Windows\system32;C:\Windows;C:\Program Files\Common Files\Microsoft Shared\Windows Live;C:\Program Files (x86)\Common Files\Microsoft Shared\Windows Live;C:\Windows\system32;C:\Windows;C:\Windows\System32\Wbem;C:\Windows\System32\WindowsPowerShell\v1.0\;C:\Program Files (x86)\Windows Live\Shared;C:\MeineProgramme\Programmieren\C++\SFML 1.6sdk-windows-mingW\SFML-1.6\lib;C:\Program Files (x86)\Common Files\Autodesk Shared\;C:\Program Files (x86)\backburner 2\;c:\Program Files (x86)\Microsoft SQL Server\100\Tools\Binn\;c:\Program Files\Microsoft SQL Server\100\Tools\Binn\;c:\Program Files\Microsoft SQL Server\100\DTS\Binn\;C:\Program Files (x86)\IVI Foundation\VISA\WinNT\Bin;C:\MeineProgramme\Programmieren\doxygen\bin;c:\Program Files (x86)\Microsoft SQL Server\110\Tools\Binn\;c:\Program Files\Microsoft SQL Server\110\Tools\Binn\;c:\Program Files\Microsoft SQL Server\110\DTS\Binn\;C:\MeineProgramme\Programmieren\WinAnt\bin; C:\Program Files\Java\jre7\bin;." />
    <property name="java.vendor.url" value="http://java.oracle.com/" />
    <property name="java.vm.vendor" value="Oracle Corporation" />
    <property name="java.runtime.name" value="Java(TM) SE Runtime Environment" />
    <property name="sun.java.command" value="org.apache.tools.ant.launch.Launcher test" />
    <property name="java.class.path" value="C:\MeineProgramme\Programmieren\WinAnt\lib\ant-launcher.jar;C:\MeineProgramme\Programmieren\WinAnt\lib\ant-antlr.jar;C:\MeineProgramme\Programmieren\WinAnt\lib\ant-apache-bcel.jar;C:\MeineProgramme\Programmieren\WinAnt\lib\ant-apache-bsf.jar;C:\MeineProgramme\Programmieren\WinAnt\lib\ant-apache-log4j.jar;C:\MeineProgramme\Programmieren\WinAnt\lib\ant-apache-oro.jar;C:\MeineProgramme\Programmieren\WinAnt\lib\ant-apache-regexp.jar;C:\MeineProgramme\Programmieren\WinAnt\lib\ant-apache-resolver.jar;C:\MeineProgramme\Programmieren\WinAnt\lib\ant-apache-xalan2.jar;C:\MeineProgramme\Programmieren\WinAnt\lib\ant-commons-logging.jar;C:\MeineProgramme\Programmieren\WinAnt\lib\ant-commons-net.jar;C:\MeineProgramme\Programmieren\WinAnt\lib\ant-contrib-1.0b3.jar;C:\MeineProgramme\Programmieren\WinAnt\lib\ant-jai.jar;C:\MeineProgramme\Programmieren\WinAnt\lib\ant-javamail.jar;C:\MeineProgramme\Programmieren\WinAnt\lib\ant-jdepend.jar;C:\MeineProgramme\Programmieren\WinAnt\lib\ant-jmf.jar;C:\MeineProgramme\Programmieren\WinAnt\lib\ant-jsch.jar;C:\MeineProgramme\Programmieren\WinAnt\lib\ant-junit.jar;C:\MeineProgramme\Programmieren\WinAnt\lib\ant-junit4.jar;C:\MeineProgramme\Programmieren\WinAnt\lib\ant-launcher.jar;C:\MeineProgramme\Programmieren\WinAnt\lib\ant-netrexx.jar;C:\MeineProgramme\Programmieren\WinAnt\lib\ant-swing.jar;C:\MeineProgramme\Programmieren\WinAnt\lib\ant-testutil.jar;C:\MeineProgramme\Programmieren\WinAnt\lib\ant.jar;C:\MeineProgramme\Programmieren\WinAnt\lib\jdtCompilerAdapter.jar;C:\MeineProgramme\Programmieren\WinAnt\lib\org.eclipse.jdt.core_3.8.2.v20120814-155456.jar;C:\Program Files\Java\jdk1.7.0_11\lib\tools.jar" />
    <property name="ant.version" value="Apache Ant(TM) version 1.8.2 compiled on December 20 2010" />
    <property name="java.vm.specification.name" value="Java Virtual Machine Specification" />
    <property name="ant.file.type" value="file" />
    <property name="java.vm.specification.version" value="1.7" />
    <property name="sun.cpu.endian" value="little" />
    <property name="sun.os.patch.level" value="Service Pack 1" />
    <property name="src.test" value="src/test" />
    <property name="java.io.tmpdir" value="C:\Users\Bloodin_\AppData\Local\Temp\" />
    <property name="analytics.name" value="analytics.StartAnalytics" />
    <property name="java.vendor.url.bug" value="http://bugreport.sun.com/bugreport/" />
    <property name="server.port" value="10010" />
    <property name="ant.file.auction" value="C:\GIT\5AHIT\rmiAuction\build.xml" />
    <property name="os.arch" value="amd64" />
    <property name="java.awt.graphicsenv" value="sun.awt.Win32GraphicsEnvironment" />
    <property name="java.ext.dirs" value="C:\Program Files\Java\jdk1.7.0_11\jre\lib\ext;C:\Windows\Sun\Java\lib\ext" />
    <property name="user.dir" value="C:\GIT\5AHIT\rmiAuction" />
    <property name="line.separator" value="&#xd;&#xa;" />
    <property name="java.vm.name" value="Java HotSpot(TM) 64-Bit Server VM" />
    <property name="billing.bindingName" value="USELESS" />
    <property name="basedir" value="C:\GIT\5AHIT\rmiAuction" />
    <property name="ant.java.version" value="1.7" />
    <property name="ant.core.lib" value="C:\MeineProgramme\Programmieren\WinAnt\lib\ant.jar" />
    <property name="file.encoding" value="Cp1252" />
    <property name="java.specification.version" value="1.7" />
    <property name="src.dir" value="src" />
    <property name="ant.project.invoked-targets" value="test" />
    <property name="billing.name" value="billing.StartBillingServer" />
  </properties>
  <testcase classname="jUnitTests.CommandFactoryTest" name="createSecureSteps" time="0.003" />
  <testcase classname="jUnitTests.CommandFactoryTest" name="createSecureLogout" time="0.0" />
  <testcase classname="jUnitTests.CommandFactoryTest" name="createCommandSecureExcpetion" time="0.0" />
  <testcase classname="jUnitTests.CommandFactoryTest" name="createSecureRemoveSteps" time="0.0" />
  <testcase classname="jUnitTests.CommandFactoryTest" name="createSecureBill" time="0.0" />
  <testcase classname="jUnitTests.CommandFactoryTest" name="createSecureAddStep" time="0.0" />
  <testcase classname="jUnitTests.CommandFactoryTest" name="createCommandLogin" time="0.0" />
  <testcase classname="jUnitTests.CommandFactoryTest" name="createSecureCommandNotFound" time="0.0" />
  <testcase classname="jUnitTests.CommandFactoryTest" name="createCommandNotFound" time="0.0" />
  <system-out><![CDATA[]]></system-out>
  <system-err><![CDATA[]]></system-err>
</testsuite>
